<?xml version="1.0" encoding="UTF-8"?>
<testsuite xmlns:xsi="http://www.w3.org/2001/XMLSchema-instance" xsi:noNamespaceSchemaLocation="https://maven.apache.org/surefire/maven-surefire-plugin/xsd/surefire-test-report.xsd" name="com.testing.Test1" time="1.764" tests="11" errors="0" skipped="10" failures="1">
  <properties>
    <property name="java.specification.version" value="21"/>
    <property name="sun.cpu.isalist" value="amd64"/>
    <property name="sun.jnu.encoding" value="Cp1252"/>
    <property name="java.class.path" value="C:\Users\himan\eclipse-workspace\My_Final_Project\target\test-classes;C:\Users\himan\eclipse-workspace\My_Final_Project\target\classes;C:\Users\himan\.m2\repository\org\testng\testng\6.9.9\testng-6.9.9.jar;C:\Users\himan\.m2\repository\junit\junit\4.10\junit-4.10.jar;C:\Users\himan\.m2\repository\org\hamcrest\hamcrest-core\1.1\hamcrest-core-1.1.jar;C:\Users\himan\.m2\repository\com\beust\jcommander\1.48\jcommander-1.48.jar;C:\Users\himan\.m2\repository\org\apache\ant\ant\1.7.0\ant-1.7.0.jar;C:\Users\himan\.m2\repository\org\apache\ant\ant-launcher\1.7.0\ant-launcher-1.7.0.jar;C:\Users\himan\.m2\repository\org\yaml\snakeyaml\1.15\snakeyaml-1.15.jar;C:\Users\himan\.m2\repository\org\beanshell\bsh\2.0b4\bsh-2.0b4.jar;C:\Users\himan\.m2\repository\org\seleniumhq\selenium\selenium-server\3.9.0\selenium-server-3.9.0.jar;C:\Users\himan\.m2\repository\org\seleniumhq\selenium\selenium-api\3.9.0\selenium-api-3.9.0.jar;C:\Users\himan\.m2\repository\org\seleniumhq\selenium\selenium-edge-driver\3.9.0\selenium-edge-driver-3.9.0.jar;C:\Users\himan\.m2\repository\org\seleniumhq\selenium\selenium-firefox-driver\3.9.0\selenium-firefox-driver-3.9.0.jar;C:\Users\himan\.m2\repository\org\seleniumhq\selenium\selenium-ie-driver\3.9.0\selenium-ie-driver-3.9.0.jar;C:\Users\himan\.m2\repository\org\seleniumhq\selenium\selenium-opera-driver\3.9.0\selenium-opera-driver-3.9.0.jar;C:\Users\himan\.m2\repository\org\seleniumhq\selenium\selenium-remote-driver\3.9.0\selenium-remote-driver-3.9.0.jar;C:\Users\himan\.m2\repository\org\seleniumhq\selenium\selenium-safari-driver\3.9.0\selenium-safari-driver-3.9.0.jar;C:\Users\himan\.m2\repository\net\bytebuddy\byte-buddy\1.7.9\byte-buddy-1.7.9.jar;C:\Users\himan\.m2\repository\org\apache\commons\commons-exec\1.3\commons-exec-1.3.jar;C:\Users\himan\.m2\repository\org\apache\commons\commons-lang3\3.7\commons-lang3-3.7.jar;C:\Users\himan\.m2\repository\org\apache\commons\commons-text\1.1\commons-text-1.1.jar;C:\Users\himan\.m2\repository\commons-codec\commons-codec\1.10\commons-codec-1.10.jar;C:\Users\himan\.m2\repository\commons-io\commons-io\2.6\commons-io-2.6.jar;C:\Users\himan\.m2\repository\commons-logging\commons-logging\1.2\commons-logging-1.2.jar;C:\Users\himan\.m2\repository\commons-net\commons-net\3.6\commons-net-3.6.jar;C:\Users\himan\.m2\repository\org\w3c\css\sac\1.3\sac-1.3.jar;C:\Users\himan\.m2\repository\net\sourceforge\cssparser\cssparser\0.9.24\cssparser-0.9.24.jar;C:\Users\himan\.m2\repository\com\google\code\gson\gson\2.8.2\gson-2.8.2.jar;C:\Users\himan\.m2\repository\net\sourceforge\htmlunit\htmlunit\2.29\htmlunit-2.29.jar;C:\Users\himan\.m2\repository\net\sourceforge\htmlunit\htmlunit-core-js\2.28\htmlunit-core-js-2.28.jar;C:\Users\himan\.m2\repository\net\sourceforge\htmlunit\neko-htmlunit\2.28\neko-htmlunit-2.28.jar;C:\Users\himan\.m2\repository\org\apache\httpcomponents\httpclient\4.5.3\httpclient-4.5.3.jar;C:\Users\himan\.m2\repository\org\apache\httpcomponents\httpcore\4.4.6\httpcore-4.4.6.jar;C:\Users\himan\.m2\repository\org\apache\httpcomponents\httpmime\4.5.3\httpmime-4.5.3.jar;C:\Users\himan\.m2\repository\net\jcip\jcip-annotations\1.0\jcip-annotations-1.0.jar;C:\Users\himan\.m2\repository\org\seleniumhq\selenium\jetty-repacked\9.4.7.v20171121\jetty-repacked-9.4.7.v20171121.jar;C:\Users\himan\.m2\repository\org\eclipse\jetty\jetty-client\9.4.7.v20170914\jetty-client-9.4.7.v20170914.jar;C:\Users\himan\.m2\repository\org\eclipse\jetty\jetty-http\9.4.8.v20171121\jetty-http-9.4.8.v20171121.jar;C:\Users\himan\.m2\repository\org\eclipse\jetty\jetty-io\9.4.8.v20171121\jetty-io-9.4.8.v20171121.jar;C:\Users\himan\.m2\repository\org\eclipse\jetty\jetty-util\9.4.8.v20171121\jetty-util-9.4.8.v20171121.jar;C:\Users\himan\.m2\repository\org\eclipse\jetty\jetty-xml\9.4.7.v20170914\jetty-xml-9.4.7.v20170914.jar;C:\Users\himan\.m2\repository\com\squareup\okhttp3\okhttp\3.9.1\okhttp-3.9.1.jar;C:\Users\himan\.m2\repository\com\squareup\okio\okio\1.13.0\okio-1.13.0.jar;C:\Users\himan\.m2\repository\org\seleniumhq\selenium\htmlunit-driver\2.29.0\htmlunit-driver-2.29.0.jar;C:\Users\himan\.m2\repository\javax\servlet\javax.servlet-api\3.1.0\javax.servlet-api-3.1.0.jar;C:\Users\himan\.m2\repository\org\eclipse\jetty\websocket\websocket-api\9.4.7.v20170914\websocket-api-9.4.7.v20170914.jar;C:\Users\himan\.m2\repository\org\eclipse\jetty\websocket\websocket-client\9.4.7.v20170914\websocket-client-9.4.7.v20170914.jar;C:\Users\himan\.m2\repository\org\eclipse\jetty\websocket\websocket-common\9.4.7.v20170914\websocket-common-9.4.7.v20170914.jar;C:\Users\himan\.m2\repository\xalan\serializer\2.7.2\serializer-2.7.2.jar;C:\Users\himan\.m2\repository\xalan\xalan\2.7.2\xalan-2.7.2.jar;C:\Users\himan\.m2\repository\xerces\xercesImpl\2.11.0\xercesImpl-2.11.0.jar;C:\Users\himan\.m2\repository\xml-apis\xml-apis\1.4.01\xml-apis-1.4.01.jar;C:\Users\himan\.m2\repository\com\aventstack\extentreports\3.1.5\extentreports-3.1.5.jar;C:\Users\himan\.m2\repository\org\freemarker\freemarker\2.3.23\freemarker-2.3.23.jar;C:\Users\himan\.m2\repository\org\mongodb\mongodb-driver\3.3.0\mongodb-driver-3.3.0.jar;C:\Users\himan\.m2\repository\org\mongodb\bson\3.3.0\bson-3.3.0.jar;C:\Users\himan\.m2\repository\org\mongodb\mongodb-driver-core\3.3.0\mongodb-driver-core-3.3.0.jar;C:\Users\himan\.m2\repository\org\jsoup\jsoup\1.9.2\jsoup-1.9.2.jar;C:\Users\himan\.m2\repository\com\google\inject\guice\3.0\guice-3.0.jar;C:\Users\himan\.m2\repository\javax\inject\javax.inject\1\javax.inject-1.jar;C:\Users\himan\.m2\repository\aopalliance\aopalliance\1.0\aopalliance-1.0.jar;C:\Users\himan\.m2\repository\org\apache\poi\poi\3.6\poi-3.6.jar;C:\Users\himan\.m2\repository\log4j\log4j\1.2.13\log4j-1.2.13.jar;C:\Users\himan\.m2\repository\org\apache\poi\poi-ooxml\3.6\poi-ooxml-3.6.jar;C:\Users\himan\.m2\repository\org\apache\poi\poi-ooxml-schemas\3.6\poi-ooxml-schemas-3.6.jar;C:\Users\himan\.m2\repository\org\apache\xmlbeans\xmlbeans\2.3.0\xmlbeans-2.3.0.jar;C:\Users\himan\.m2\repository\stax\stax-api\1.0.1\stax-api-1.0.1.jar;C:\Users\himan\.m2\repository\org\apache\geronimo\specs\geronimo-stax-api_1.0_spec\1.0\geronimo-stax-api_1.0_spec-1.0.jar;C:\Users\himan\.m2\repository\dom4j\dom4j\1.6.1\dom4j-1.6.1.jar;C:\Users\himan\.m2\repository\com\google\guava\guava\23.0\guava-23.0.jar;C:\Users\himan\.m2\repository\com\google\code\findbugs\jsr305\1.3.9\jsr305-1.3.9.jar;C:\Users\himan\.m2\repository\com\google\errorprone\error_prone_annotations\2.0.18\error_prone_annotations-2.0.18.jar;C:\Users\himan\.m2\repository\com\google\j2objc\j2objc-annotations\1.1\j2objc-annotations-1.1.jar;C:\Users\himan\.m2\repository\org\codehaus\mojo\animal-sniffer-annotations\1.14\animal-sniffer-annotations-1.14.jar;C:\Users\himan\.m2\repository\org\seleniumhq\selenium\selenium-support\3.0.1\selenium-support-3.0.1.jar;C:\Users\himan\.m2\repository\com\github\detro\ghostdriver\phantomjsdriver\1.1.0\phantomjsdriver-1.1.0.jar;C:\Users\himan\.m2\repository\org\seleniumhq\selenium\selenium-chrome-driver\3.4.0\selenium-chrome-driver-3.4.0.jar;C:\Users\himan\.m2\repository\cglib\cglib-nodep\3.2.4\cglib-nodep-3.2.4.jar;C:\Users\himan\.m2\repository\net\java\dev\jna\jna\4.1.0\jna-4.1.0.jar;C:\Users\himan\.m2\repository\net\java\dev\jna\jna-platform\4.1.0\jna-platform-4.1.0.jar;C:\Users\himan\.m2\repository\org\seleniumhq\selenium\selenium-java\3.14.0\selenium-java-3.14.0.jar;"/>
    <property name="java.vm.vendor" value="Oracle Corporation"/>
    <property name="sun.arch.data.model" value="64"/>
    <property name="user.variant" value=""/>
    <property name="java.vendor.url" value="https://java.oracle.com/"/>
    <property name="user.timezone" value="America/Toronto"/>
    <property name="os.name" value="Windows 11"/>
    <property name="java.vm.specification.version" value="21"/>
    <property name="sun.java.launcher" value="SUN_STANDARD"/>
    <property name="user.country" value="CA"/>
    <property name="sun.boot.library.path" value="C:\Program Files\Java\jdk-21\bin"/>
    <property name="sun.java.command" value="C:\WINDOWS\TEMP\surefire14861938656087066177\surefirebooter15806718365796374719.jar C:\Windows\Temp\surefire14861938656087066177 2024-02-23T19-04-37_638-jvmRun1 surefire15499141982834162783tmp surefire_09361249751678455615tmp"/>
    <property name="jdk.debug" value="release"/>
    <property name="surefire.test.class.path" value="C:\Users\himan\eclipse-workspace\My_Final_Project\target\test-classes;C:\Users\himan\eclipse-workspace\My_Final_Project\target\classes;C:\Users\himan\.m2\repository\org\testng\testng\6.9.9\testng-6.9.9.jar;C:\Users\himan\.m2\repository\junit\junit\4.10\junit-4.10.jar;C:\Users\himan\.m2\repository\org\hamcrest\hamcrest-core\1.1\hamcrest-core-1.1.jar;C:\Users\himan\.m2\repository\com\beust\jcommander\1.48\jcommander-1.48.jar;C:\Users\himan\.m2\repository\org\apache\ant\ant\1.7.0\ant-1.7.0.jar;C:\Users\himan\.m2\repository\org\apache\ant\ant-launcher\1.7.0\ant-launcher-1.7.0.jar;C:\Users\himan\.m2\repository\org\yaml\snakeyaml\1.15\snakeyaml-1.15.jar;C:\Users\himan\.m2\repository\org\beanshell\bsh\2.0b4\bsh-2.0b4.jar;C:\Users\himan\.m2\repository\org\seleniumhq\selenium\selenium-server\3.9.0\selenium-server-3.9.0.jar;C:\Users\himan\.m2\repository\org\seleniumhq\selenium\selenium-api\3.9.0\selenium-api-3.9.0.jar;C:\Users\himan\.m2\repository\org\seleniumhq\selenium\selenium-edge-driver\3.9.0\selenium-edge-driver-3.9.0.jar;C:\Users\himan\.m2\repository\org\seleniumhq\selenium\selenium-firefox-driver\3.9.0\selenium-firefox-driver-3.9.0.jar;C:\Users\himan\.m2\repository\org\seleniumhq\selenium\selenium-ie-driver\3.9.0\selenium-ie-driver-3.9.0.jar;C:\Users\himan\.m2\repository\org\seleniumhq\selenium\selenium-opera-driver\3.9.0\selenium-opera-driver-3.9.0.jar;C:\Users\himan\.m2\repository\org\seleniumhq\selenium\selenium-remote-driver\3.9.0\selenium-remote-driver-3.9.0.jar;C:\Users\himan\.m2\repository\org\seleniumhq\selenium\selenium-safari-driver\3.9.0\selenium-safari-driver-3.9.0.jar;C:\Users\himan\.m2\repository\net\bytebuddy\byte-buddy\1.7.9\byte-buddy-1.7.9.jar;C:\Users\himan\.m2\repository\org\apache\commons\commons-exec\1.3\commons-exec-1.3.jar;C:\Users\himan\.m2\repository\org\apache\commons\commons-lang3\3.7\commons-lang3-3.7.jar;C:\Users\himan\.m2\repository\org\apache\commons\commons-text\1.1\commons-text-1.1.jar;C:\Users\himan\.m2\repository\commons-codec\commons-codec\1.10\commons-codec-1.10.jar;C:\Users\himan\.m2\repository\commons-io\commons-io\2.6\commons-io-2.6.jar;C:\Users\himan\.m2\repository\commons-logging\commons-logging\1.2\commons-logging-1.2.jar;C:\Users\himan\.m2\repository\commons-net\commons-net\3.6\commons-net-3.6.jar;C:\Users\himan\.m2\repository\org\w3c\css\sac\1.3\sac-1.3.jar;C:\Users\himan\.m2\repository\net\sourceforge\cssparser\cssparser\0.9.24\cssparser-0.9.24.jar;C:\Users\himan\.m2\repository\com\google\code\gson\gson\2.8.2\gson-2.8.2.jar;C:\Users\himan\.m2\repository\net\sourceforge\htmlunit\htmlunit\2.29\htmlunit-2.29.jar;C:\Users\himan\.m2\repository\net\sourceforge\htmlunit\htmlunit-core-js\2.28\htmlunit-core-js-2.28.jar;C:\Users\himan\.m2\repository\net\sourceforge\htmlunit\neko-htmlunit\2.28\neko-htmlunit-2.28.jar;C:\Users\himan\.m2\repository\org\apache\httpcomponents\httpclient\4.5.3\httpclient-4.5.3.jar;C:\Users\himan\.m2\repository\org\apache\httpcomponents\httpcore\4.4.6\httpcore-4.4.6.jar;C:\Users\himan\.m2\repository\org\apache\httpcomponents\httpmime\4.5.3\httpmime-4.5.3.jar;C:\Users\himan\.m2\repository\net\jcip\jcip-annotations\1.0\jcip-annotations-1.0.jar;C:\Users\himan\.m2\repository\org\seleniumhq\selenium\jetty-repacked\9.4.7.v20171121\jetty-repacked-9.4.7.v20171121.jar;C:\Users\himan\.m2\repository\org\eclipse\jetty\jetty-client\9.4.7.v20170914\jetty-client-9.4.7.v20170914.jar;C:\Users\himan\.m2\repository\org\eclipse\jetty\jetty-http\9.4.8.v20171121\jetty-http-9.4.8.v20171121.jar;C:\Users\himan\.m2\repository\org\eclipse\jetty\jetty-io\9.4.8.v20171121\jetty-io-9.4.8.v20171121.jar;C:\Users\himan\.m2\repository\org\eclipse\jetty\jetty-util\9.4.8.v20171121\jetty-util-9.4.8.v20171121.jar;C:\Users\himan\.m2\repository\org\eclipse\jetty\jetty-xml\9.4.7.v20170914\jetty-xml-9.4.7.v20170914.jar;C:\Users\himan\.m2\repository\com\squareup\okhttp3\okhttp\3.9.1\okhttp-3.9.1.jar;C:\Users\himan\.m2\repository\com\squareup\okio\okio\1.13.0\okio-1.13.0.jar;C:\Users\himan\.m2\repository\org\seleniumhq\selenium\htmlunit-driver\2.29.0\htmlunit-driver-2.29.0.jar;C:\Users\himan\.m2\repository\javax\servlet\javax.servlet-api\3.1.0\javax.servlet-api-3.1.0.jar;C:\Users\himan\.m2\repository\org\eclipse\jetty\websocket\websocket-api\9.4.7.v20170914\websocket-api-9.4.7.v20170914.jar;C:\Users\himan\.m2\repository\org\eclipse\jetty\websocket\websocket-client\9.4.7.v20170914\websocket-client-9.4.7.v20170914.jar;C:\Users\himan\.m2\repository\org\eclipse\jetty\websocket\websocket-common\9.4.7.v20170914\websocket-common-9.4.7.v20170914.jar;C:\Users\himan\.m2\repository\xalan\serializer\2.7.2\serializer-2.7.2.jar;C:\Users\himan\.m2\repository\xalan\xalan\2.7.2\xalan-2.7.2.jar;C:\Users\himan\.m2\repository\xerces\xercesImpl\2.11.0\xercesImpl-2.11.0.jar;C:\Users\himan\.m2\repository\xml-apis\xml-apis\1.4.01\xml-apis-1.4.01.jar;C:\Users\himan\.m2\repository\com\aventstack\extentreports\3.1.5\extentreports-3.1.5.jar;C:\Users\himan\.m2\repository\org\freemarker\freemarker\2.3.23\freemarker-2.3.23.jar;C:\Users\himan\.m2\repository\org\mongodb\mongodb-driver\3.3.0\mongodb-driver-3.3.0.jar;C:\Users\himan\.m2\repository\org\mongodb\bson\3.3.0\bson-3.3.0.jar;C:\Users\himan\.m2\repository\org\mongodb\mongodb-driver-core\3.3.0\mongodb-driver-core-3.3.0.jar;C:\Users\himan\.m2\repository\org\jsoup\jsoup\1.9.2\jsoup-1.9.2.jar;C:\Users\himan\.m2\repository\com\google\inject\guice\3.0\guice-3.0.jar;C:\Users\himan\.m2\repository\javax\inject\javax.inject\1\javax.inject-1.jar;C:\Users\himan\.m2\repository\aopalliance\aopalliance\1.0\aopalliance-1.0.jar;C:\Users\himan\.m2\repository\org\apache\poi\poi\3.6\poi-3.6.jar;C:\Users\himan\.m2\repository\log4j\log4j\1.2.13\log4j-1.2.13.jar;C:\Users\himan\.m2\repository\org\apache\poi\poi-ooxml\3.6\poi-ooxml-3.6.jar;C:\Users\himan\.m2\repository\org\apache\poi\poi-ooxml-schemas\3.6\poi-ooxml-schemas-3.6.jar;C:\Users\himan\.m2\repository\org\apache\xmlbeans\xmlbeans\2.3.0\xmlbeans-2.3.0.jar;C:\Users\himan\.m2\repository\stax\stax-api\1.0.1\stax-api-1.0.1.jar;C:\Users\himan\.m2\repository\org\apache\geronimo\specs\geronimo-stax-api_1.0_spec\1.0\geronimo-stax-api_1.0_spec-1.0.jar;C:\Users\himan\.m2\repository\dom4j\dom4j\1.6.1\dom4j-1.6.1.jar;C:\Users\himan\.m2\repository\com\google\guava\guava\23.0\guava-23.0.jar;C:\Users\himan\.m2\repository\com\google\code\findbugs\jsr305\1.3.9\jsr305-1.3.9.jar;C:\Users\himan\.m2\repository\com\google\errorprone\error_prone_annotations\2.0.18\error_prone_annotations-2.0.18.jar;C:\Users\himan\.m2\repository\com\google\j2objc\j2objc-annotations\1.1\j2objc-annotations-1.1.jar;C:\Users\himan\.m2\repository\org\codehaus\mojo\animal-sniffer-annotations\1.14\animal-sniffer-annotations-1.14.jar;C:\Users\himan\.m2\repository\org\seleniumhq\selenium\selenium-support\3.0.1\selenium-support-3.0.1.jar;C:\Users\himan\.m2\repository\com\github\detro\ghostdriver\phantomjsdriver\1.1.0\phantomjsdriver-1.1.0.jar;C:\Users\himan\.m2\repository\org\seleniumhq\selenium\selenium-chrome-driver\3.4.0\selenium-chrome-driver-3.4.0.jar;C:\Users\himan\.m2\repository\cglib\cglib-nodep\3.2.4\cglib-nodep-3.2.4.jar;C:\Users\himan\.m2\repository\net\java\dev\jna\jna\4.1.0\jna-4.1.0.jar;C:\Users\himan\.m2\repository\net\java\dev\jna\jna-platform\4.1.0\jna-platform-4.1.0.jar;C:\Users\himan\.m2\repository\org\seleniumhq\selenium\selenium-java\3.14.0\selenium-java-3.14.0.jar;"/>
    <property name="sun.cpu.endian" value="little"/>
    <property name="user.home" value="C:\Users\himan"/>
    <property name="user.language" value="en"/>
    <property name="java.specification.vendor" value="Oracle Corporation"/>
    <property name="java.version.date" value="2023-10-17"/>
    <property name="java.home" value="C:\Program Files\Java\jdk-21"/>
    <property name="file.separator" value="\"/>
    <property name="basedir" value="C:\Users\himan\eclipse-workspace\My_Final_Project"/>
    <property name="style.color" value="always"/>
    <property name="java.vm.compressedOopsMode" value="Zero based"/>
    <property name="line.separator" value="&#10;"/>
    <property name="java.vm.specification.vendor" value="Oracle Corporation"/>
    <property name="java.specification.name" value="Java Platform API Specification"/>
    <property name="surefire.real.class.path" value="C:\WINDOWS\TEMP\surefire14861938656087066177\surefirebooter15806718365796374719.jar"/>
    <property name="user.script" value=""/>
    <property name="sun.management.compiler" value="HotSpot 64-Bit Tiered Compilers"/>
    <property name="java.runtime.version" value="21.0.1+12-LTS-29"/>
    <property name="user.name" value="himan"/>
    <property name="stdout.encoding" value="Cp1252"/>
    <property name="path.separator" value=";"/>
    <property name="os.version" value="10.0"/>
    <property name="java.runtime.name" value="Java(TM) SE Runtime Environment"/>
    <property name="file.encoding" value="UTF-8"/>
    <property name="java.vm.name" value="Java HotSpot(TM) 64-Bit Server VM"/>
    <property name="localRepository" value="C:\Users\himan\.m2\repository"/>
    <property name="java.vendor.url.bug" value="https://bugreport.java.com/bugreport/"/>
    <property name="java.io.tmpdir" value="C:\WINDOWS\TEMP\"/>
    <property name="java.version" value="21.0.1"/>
    <property name="user.dir" value="C:\Users\himan\eclipse-workspace\My_Final_Project"/>
    <property name="os.arch" value="amd64"/>
    <property name="java.vm.specification.name" value="Java Virtual Machine Specification"/>
    <property name="sun.os.patch.level" value=""/>
    <property name="native.encoding" value="Cp1252"/>
    <property name="java.library.path" value="C:\Program Files\Java\jdk-21\bin;C:\WINDOWS\Sun\Java\bin;C:\WINDOWS\system32;C:\WINDOWS;C:\Program Files\Common Files\Oracle\Java\javapath;C:\windows\System32;C:\windows;C:\windows\System32\Wbem;C:\windows\System32\WindowsPowerShell\v1.0\;C:\windows\System32\OpenSSH\;C:\Program Files (x86)\NVIDIA Corporation\PhysX\Common;C:\Program Files\NVIDIA Corporation\NVIDIA NvDLISR;C:\WINDOWS\System32;C:\WINDOWS;C:\WINDOWS\System32\Wbem;C:\WINDOWS\System32\WindowsPowerShell\v1.0\;C:\WINDOWS\System32\OpenSSH\;C:\Program Files\Java\jdk-21\bin;C:\apache-ant-1.10.14\bin;C:\apache-maven-3.9.6\bin;C:\Program Files\Java\jdk-21\bin;."/>
    <property name="java.vm.info" value="mixed mode, sharing"/>
    <property name="stderr.encoding" value="Cp1252"/>
    <property name="java.vendor" value="Oracle Corporation"/>
    <property name="java.vm.version" value="21.0.1+12-LTS-29"/>
    <property name="sun.io.unicode.encoding" value="UnicodeLittle"/>
    <property name="java.class.version" value="65.0"/>
  </properties>
  <testcase name="beforeTest" classname="com.testing.Test1" time="1.636">
    <failure message="session not created: This version of ChromeDriver only supports Chrome version 120&#10;Current browser version is 122.0.6261.69 with binary path C:\Program Files (x86)\Google\Chrome\Application\chrome.exe&#10;Build info: version: &apos;3.9.0&apos;, revision: &apos;698b3178f0&apos;, time: &apos;2018-02-05T14:26:55.441Z&apos;&#10;System info: host: &apos;HUS&apos;, ip: &apos;192.168.0.4&apos;, os.name: &apos;Windows 11&apos;, os.arch: &apos;amd64&apos;, os.version: &apos;10.0&apos;, java.version: &apos;21.0.1&apos;&#10;Driver info: driver.version: ChromeDriver&#10;remote stacktrace: 	GetHandleVerifier [0x00007FF6BD664D02+56194]&#10;	(No symbol) [0x00007FF6BD5D04B2]&#10;	(No symbol) [0x00007FF6BD4776AA]&#10;	(No symbol) [0x00007FF6BD4B1652]&#10;	(No symbol) [0x00007FF6BD4B094D]&#10;	(No symbol) [0x00007FF6BD4AB84F]&#10;	(No symbol) [0x00007FF6BD4A7DC2]&#10;	(No symbol) [0x00007FF6BD4F0954]&#10;	(No symbol) [0x00007FF6BD4E5C23]&#10;	(No symbol) [0x00007FF6BD4B4A45]&#10;	(No symbol) [0x00007FF6BD4B5AD4]&#10;	GetHandleVerifier [0x00007FF6BD9DD5BB+3695675]&#10;	GetHandleVerifier [0x00007FF6BDA36197+4059159]&#10;	GetHandleVerifier [0x00007FF6BDA2DF63+4025827]&#10;	GetHandleVerifier [0x00007FF6BD6FF029+687785]&#10;	(No symbol) [0x00007FF6BD5DB508]&#10;	(No symbol) [0x00007FF6BD5D7564]&#10;	(No symbol) [0x00007FF6BD5D76E9]&#10;	(No symbol) [0x00007FF6BD5C8094]&#10;	BaseThreadInitThunk [0x00007FFD27C6257D+29]&#10;	RtlUserThreadStart [0x00007FFD2906AA58+40]&#10;" type="org.openqa.selenium.SessionNotCreatedException">org.openqa.selenium.SessionNotCreatedException: 
session not created: This version of ChromeDriver only supports Chrome version 120
Current browser version is 122.0.6261.69 with binary path C:\Program Files (x86)\Google\Chrome\Application\chrome.exe
Build info: version: '3.9.0', revision: '698b3178f0', time: '2018-02-05T14:26:55.441Z'
System info: host: 'HUS', ip: '192.168.0.4', os.name: 'Windows 11', os.arch: 'amd64', os.version: '10.0', java.version: '21.0.1'
Driver info: driver.version: ChromeDriver
remote stacktrace: 	GetHandleVerifier [0x00007FF6BD664D02+56194]
	(No symbol) [0x00007FF6BD5D04B2]
	(No symbol) [0x00007FF6BD4776AA]
	(No symbol) [0x00007FF6BD4B1652]
	(No symbol) [0x00007FF6BD4B094D]
	(No symbol) [0x00007FF6BD4AB84F]
	(No symbol) [0x00007FF6BD4A7DC2]
	(No symbol) [0x00007FF6BD4F0954]
	(No symbol) [0x00007FF6BD4E5C23]
	(No symbol) [0x00007FF6BD4B4A45]
	(No symbol) [0x00007FF6BD4B5AD4]
	GetHandleVerifier [0x00007FF6BD9DD5BB+3695675]
	GetHandleVerifier [0x00007FF6BDA36197+4059159]
	GetHandleVerifier [0x00007FF6BDA2DF63+4025827]
	GetHandleVerifier [0x00007FF6BD6FF029+687785]
	(No symbol) [0x00007FF6BD5DB508]
	(No symbol) [0x00007FF6BD5D7564]
	(No symbol) [0x00007FF6BD5D76E9]
	(No symbol) [0x00007FF6BD5C8094]
	BaseThreadInitThunk [0x00007FFD27C6257D+29]
	RtlUserThreadStart [0x00007FFD2906AA58+40]

	at com.testing.Test1.beforeTest(Test1.java:12)
</failure>
    <system-err><![CDATA[Feb 23, 2024 7:04:38 P.M. org.openqa.selenium.remote.DesiredCapabilities chrome
INFO: Using `new ChromeOptions()` is preferred to `DesiredCapabilities.chrome()`
Starting ChromeDriver 120.0.6099.71 (9729082fe6174c0a371fc66501f5efc5d69d3d2b-refs/branch-heads/6099_56@{#13}) on port 50305
Only local connections are allowed.
Please see https://chromedriver.chromium.org/security-considerations for suggestions on keeping ChromeDriver safe.
ChromeDriver was started successfully.
]]></system-err>
  </testcase>
  <testcase name="InvalidUser" classname="com.testing.Test1" time="0">
    <skipped/>
  </testcase>
  <testcase name="invalidPwd" classname="com.testing.Test1" time="0">
    <skipped/>
  </testcase>
  <testcase name="GmailLogin" classname="com.testing.Test1" time="0">
    <skipped/>
  </testcase>
  <testcase name="CountEmail" classname="com.testing.Test1" time="0">
    <skipped/>
  </testcase>
  <testcase name="TotalInboxEmail" classname="com.testing.Test1" time="0">
    <skipped/>
  </testcase>
  <testcase name="moveToTrash" classname="com.testing.Test1" time="0">
    <skipped/>
  </testcase>
  <testcase name="MoveBackToInbox" classname="com.testing.Test1" time="0">
    <skipped/>
  </testcase>
  <testcase name="markAsUnread" classname="com.testing.Test1" time="0">
    <skipped/>
  </testcase>
  <testcase name="markAsread" classname="com.testing.Test1" time="0">
    <skipped/>
  </testcase>
  <testcase name="afterMethod" classname="com.testing.Test1" time="0">
    <skipped/>
  </testcase>
</testsuite>